<?xml version="1.0" encoding="UTF-8"?>
<testng-results skipped="0" failed="0" ignored="0" total="1" passed="1">
  <reporter-output>
  </reporter-output>
  <suite name="Default suite" duration-ms="25589" started-at="2021-12-02T09:26:16 IST" finished-at="2021-12-02T09:26:41 IST">
    <groups>
    </groups>
    <test name="Default test" duration-ms="25589" started-at="2021-12-02T09:26:16 IST" finished-at="2021-12-02T09:26:41 IST">
      <class name="com.testcase.HomePageTest">
        <test-method status="PASS" signature="setUp()[pri:0, instance:com.testcase.HomePageTest@8646db9]" name="setUp" is-config="true" duration-ms="21329" started-at="2021-12-02T09:26:16 IST" finished-at="2021-12-02T09:26:37 IST">
          <reporter-output>
          </reporter-output>
        </test-method> <!-- setUp -->
        <test-method status="PASS" signature="test1()[pri:0, instance:com.testcase.HomePageTest@8646db9]" name="test1" duration-ms="4185" started-at="2021-12-02T09:26:37 IST" finished-at="2021-12-02T09:26:41 IST">
          <reporter-output>
          </reporter-output>
        </test-method> <!-- test1 -->
      </class> <!-- com.testcase.HomePageTest -->
    </test> <!-- Default test -->
  </suite> <!-- Default suite -->
</testng-results>
